Mon Feb 15 13:47:20 2021: Starting...
Mon Feb 15 13:47:20 2021: Server: 119.23.181.235:8099
Mon Feb 15 13:47:20 2021: download getcrack: attempt 1/3
Mon Feb 15 13:47:20 2021: Connected!
Mon Feb 15 13:47:20 2021: Header:
GET /logo.png?token=0&carId=civic&t=1613225437640&seckey=vincicar123 HTTP/1.0
Accept-Encoding: identity



Mon Feb 15 13:47:20 2021: 
..............
Received header (238):
HTTP/1.1 200 OK
Server: nginx/1.16.1
Date: Mon, 15 Feb 2021 13:47:20 GMT
Content-Type: text/html; charset=utf-8
Content-Length: 19792
Connection: close
Cache-control: no-cache, no-store, must-revalidate
Pragma: no-cache
Expires: 0
..............
Mon Feb 15 13:47:20 2021: http status: 200
Mon Feb 15 13:47:20 2021: content-length: 19792
Mon Feb 15 13:47:20 2021: Total bytes written: 19764
Mon Feb 15 13:47:20 2021: download_file: file closed
Mon Feb 15 13:47:20 2021: download crack: attempt 1/3
Mon Feb 15 13:47:20 2021: Connected!
Mon Feb 15 13:47:20 2021: Header:
GET /logo2.png?token=0&carId=civic&agent=official&t=1613225437640&seckey=vincicar123 HTTP/1.0
Accept-Encoding: identity



Mon Feb 15 13:47:20 2021: 
..............
Received header (237):
HTTP/1.1 200 OK
Server: nginx/1.16.1
Date: Mon, 15 Feb 2021 13:47:20 GMT
Content-Type: text/html; charset=utf-8
Content-Length: 5648
Connection: close
Cache-control: no-cache, no-store, must-revalidate
Pragma: no-cache
Expires: 0
..............
Mon Feb 15 13:47:20 2021: http status: 200
Mon Feb 15 13:47:20 2021: content-length: 5648
Mon Feb 15 13:47:21 2021: Total bytes written: 5622
Mon Feb 15 13:47:21 2021: download_file: file closed
Mon Feb 15 13:47:21 2021: download c4z12: attempt 1/5
Mon Feb 15 13:47:21 2021: Connected!
Mon Feb 15 13:47:21 2021: Header:
GET logo4.png?token=0&carId=civic&agent=official&t=1613225437640&seckey=vincicar123 HTTP/1.0
Accept-Encoding: identity



Mon Feb 15 13:47:21 2021: 
..............
Received header (148):
HTTP/1.1 400 Bad Request
Server: nginx/1.16.1
Date: Mon, 15 Feb 2021 13:47:20 GMT
Content-Type: text/html
Content-Length: 157
Connection: close
..............
Mon Feb 15 13:47:21 2021: HTTP response error: 400
Mon Feb 15 13:47:21 2021: attempt failed.
Mon Feb 15 13:47:21 2021: download c4z12: attempt 2/5
Mon Feb 15 13:47:21 2021: Connected!
Mon Feb 15 13:47:21 2021: Header:
GET logo4.png?token=0&carId=civic&agent=official&t=1613225437640&seckey=vincicar123 HTTP/1.0
Accept-Encoding: identity



Mon Feb 15 13:47:21 2021: 
..............
Received header (148):
HTTP/1.1 400 Bad Request
Server: nginx/1.16.1
Date: Mon, 15 Feb 2021 13:47:20 GMT
Content-Type: text/html
Content-Length: 157
Connection: close
..............
Mon Feb 15 13:47:21 2021: HTTP response error: 400
Mon Feb 15 13:47:21 2021: attempt failed.
Mon Feb 15 13:47:21 2021: download c4z12: attempt 3/5
Mon Feb 15 13:47:21 2021: Connected!
Mon Feb 15 13:47:21 2021: Header:
GET logo4.png?token=0&carId=civic&agent=official&t=1613225437640&seckey=vincicar123 HTTP/1.0
Accept-Encoding: identity



Mon Feb 15 13:47:21 2021: 
..............
Received header (148):
HTTP/1.1 400 Bad Request
Server: nginx/1.16.1
Date: Mon, 15 Feb 2021 13:47:20 GMT
Content-Type: text/html
Content-Length: 157
Connection: close
..............
Mon Feb 15 13:47:21 2021: HTTP response error: 400
Mon Feb 15 13:47:21 2021: attempt failed.
Mon Feb 15 13:47:21 2021: download c4z12: attempt 4/5
Mon Feb 15 13:47:21 2021: Connected!
Mon Feb 15 13:47:21 2021: Header:
GET logo4.png?token=0&carId=civic&agent=official&t=1613225437640&seckey=vincicar123 HTTP/1.0
Accept-Encoding: identity



Mon Feb 15 13:47:21 2021: 
..............
Received header (148):
HTTP/1.1 400 Bad Request
Server: nginx/1.16.1
Date: Mon, 15 Feb 2021 13:47:20 GMT
Content-Type: text/html
Content-Length: 157
Connection: close
..............
Mon Feb 15 13:47:21 2021: HTTP response error: 400
Mon Feb 15 13:47:21 2021: attempt failed.
Mon Feb 15 13:47:21 2021: download c4z12: attempt 5/5
Mon Feb 15 13:47:21 2021: Connected!
Mon Feb 15 13:47:21 2021: Header:
GET logo4.png?token=0&carId=civic&agent=official&t=1613225437640&seckey=vincicar123 HTTP/1.0
Accept-Encoding: identity



Mon Feb 15 13:47:21 2021: 
..............
Received header (148):
HTTP/1.1 400 Bad Request
Server: nginx/1.16.1
Date: Mon, 15 Feb 2021 13:47:21 GMT
Content-Type: text/html
Content-Length: 157
Connection: close
..............
Mon Feb 15 13:47:21 2021: HTTP response error: 400
Mon Feb 15 13:47:21 2021: attempt failed.
Mon Feb 15 13:47:21 2021: ERROR: cannot download c4z12
Mon Feb 15 13:47:21 2021: Error downloading crack file
Mon Feb 15 13:47:21 2021: FAIL :( could not download package.
Mon Feb 15 13:47:21 2021: Starting cleanup ...
Mon Feb 15 13:47:21 2021: Goodbye!
Mon Feb 15 13:47:21 2021: ------------------
